2023-07-15 15:36:49,862:INFO:PyCaret Supervised Module
2023-07-15 15:36:49,879:INFO:ML Usecase: classification
2023-07-15 15:36:49,879:INFO:version 2.3.10
2023-07-15 15:36:49,879:INFO:Initializing setup()
2023-07-15 15:36:49,879:INFO:setup(target=churn, ml_usecase=classification, available_plots={'parameter': 'Hyperparameters', 'auc': 'AUC', 'confusion_matrix': 'Confusion Matrix', 'threshold': 'Threshold', 'pr': 'Precision Recall', 'error': 'Prediction Error', 'class_report': 'Class Report', 'rfe': 'Feature Selection', 'learning': 'Learning Curve', 'manifold': 'Manifold Learning', 'calibration': 'Calibration Curve', 'vc': 'Validation Curve', 'dimension': 'Dimensions', 'feature': 'Feature Importance', 'feature_all': 'Feature Importance (All)', 'boundary': 'Decision Boundary', 'lift': 'Lift Chart', 'gain': 'Gain Chart', 'tree': 'Decision Tree', 'ks': 'KS Statistic Plot'}, train_size=0.7, test_data=None, preprocess=True, imputation_type=simple, iterative_imputation_iters=5, categorical_features=None, categorical_imputation=constant, categorical_iterative_imputer=lightgbm, ordinal_features=None, high_cardinality_features=None, high_cardinality_method=frequency, numeric_features=None, numeric_imputation=mean, numeric_iterative_imputer=lightgbm, date_features=None, ignore_features=None, normalize=False, normalize_method=zscore, transformation=False, transformation_method=yeo-johnson, handle_unknown_categorical=True, unknown_categorical_method=least_frequent, pca=False, pca_method=linear, pca_components=None, ignore_low_variance=False, combine_rare_levels=False, rare_level_threshold=0.1, bin_numeric_features=None, remove_outliers=False, outliers_threshold=0.05, remove_multicollinearity=False, multicollinearity_threshold=0.9, remove_perfect_collinearity=True, create_clusters=False, cluster_iter=20, polynomial_features=False, polynomial_degree=2, trigonometry_features=False, polynomial_threshold=0.1, group_features=None, group_names=None, feature_selection=False, feature_selection_threshold=0.8, feature_selection_method=classic, feature_interaction=False, feature_ratio=False, interaction_threshold=0.01, fix_imbalance=False, fix_imbalance_method=None, transform_target=False, transform_target_method=box-cox, data_split_shuffle=True, data_split_stratify=False, fold_strategy=stratifiedkfold, fold=10, fold_shuffle=False, fold_groups=None, n_jobs=-1, use_gpu=False, custom_pipeline=None, html=True, session_id=100, log_experiment=False, experiment_name=None, experiment_custom_tags=None, log_plots=False, log_profile=False, log_data=False, silent=False, verbose=True, profile=False, profile_kwargs=None, display=None)
2023-07-15 15:36:49,879:INFO:Checking environment
2023-07-15 15:36:49,881:INFO:python_version: 3.9.6
2023-07-15 15:36:49,881:INFO:python_build: ('default', 'May  7 2023 23:32:45')
2023-07-15 15:36:49,883:INFO:machine: x86_64
2023-07-15 15:36:50,057:INFO:platform: macOS-13.4-x86_64-i386-64bit
2023-07-15 15:36:50,108:WARNING:cannot find psutil installation. memory not traceable. Install psutil using pip to enable memory logging.
2023-07-15 15:36:50,109:INFO:Checking libraries
2023-07-15 15:36:50,109:INFO:pd==1.4.4
2023-07-15 15:36:50,109:INFO:numpy==1.19.5
2023-07-15 15:36:50,109:INFO:sklearn==0.23.2
2023-07-15 15:36:50,120:INFO:lightgbm==3.3.2
2023-07-15 15:36:50,121:WARNING:catboost not found
2023-07-15 15:36:51,164:INFO:xgboost==1.7.2
2023-07-15 15:36:51,164:INFO:mlflow==1.29.0
2023-07-15 15:36:51,164:INFO:Checking Exceptions
2023-07-15 15:36:51,168:INFO:Declaring global variables
2023-07-15 15:36:51,170:INFO:USI: dc98
2023-07-15 15:36:51,173:INFO:pycaret_globals: {'fold_groups_param_full', 'logging_param', '_internal_pipeline', 'fix_imbalance_param', 'create_model_container', 'fold_shuffle_param', 'stratify_param', 'experiment__', 'gpu_param', '_available_plots', 'fix_imbalance_method_param', 'master_model_container', 'seed', 'USI', 'X', 'data_before_preprocess', 'display_container', 'target_param', 'imputation_classifier', '_all_metrics', 'X_test', 'transform_target_param', 'imputation_regressor', 'y_test', 'X_train', '_gpu_n_jobs_param', 'html_param', 'iterative_imputation_iters_param', 'log_plots_param', 'pycaret_globals', '_all_models_internal', 'dashboard_logger', 'prep_pipe', 'y_train', 'y', 'transform_target_method_param', '_all_models', '_ml_usecase', 'fold_generator', 'exp_name_log', 'fold_groups_param', 'n_jobs_param', 'fold_param'}
2023-07-15 15:36:51,173:INFO:Preparing display monitor
2023-07-15 15:36:51,176:INFO:Preparing display monitor
2023-07-15 15:36:51,300:INFO:Importing libraries
2023-07-15 15:36:51,301:INFO:Copying data for preprocessing
2023-07-15 15:36:51,327:INFO:Declaring preprocessing parameters
2023-07-15 15:36:51,337:INFO:Creating preprocessing pipeline
2023-07-15 15:36:51,449:INFO:Preprocessing pipeline created successfully
2023-07-15 15:36:51,449:ERROR:(Process Exit): setup has been interupted with user command 'quit'. setup must rerun.
2023-07-15 15:36:51,449:INFO:Creating global containers
2023-07-15 15:36:51,474:INFO:Internal pipeline: Pipeline(memory=None, steps=[('empty_step', 'passthrough')], verbose=False)
2023-07-15 15:40:00,786:WARNING:Couldn't import catboost.CatBoostClassifier
2023-07-15 15:40:00,918:WARNING:Couldn't import catboost.CatBoostClassifier
2023-07-15 15:40:00,928:INFO:Creating grid variables
2023-07-15 15:40:01,035:INFO:create_model_container: 0
2023-07-15 15:40:01,036:INFO:master_model_container: 0
2023-07-15 15:40:01,036:INFO:display_container: 1
2023-07-15 15:40:01,051:INFO:Pipeline(memory=None,
         steps=[('dtypes',
                 DataTypes_Auto_infer(categorical_features=[],
                                      display_types=True, features_todrop=[],
                                      id_columns=[],
                                      ml_usecase='classification',
                                      numerical_features=[], target='churn',
                                      time_features=[])),
                ('imputer',
                 Simple_Imputer(categorical_strategy='not_available',
                                fill_value_categorical=None,
                                fill_value_numerical=None,
                                numeric_strate...
                ('scaling', 'passthrough'), ('P_transform', 'passthrough'),
                ('binn', 'passthrough'), ('rem_outliers', 'passthrough'),
                ('cluster_all', 'passthrough'),
                ('dummy', Dummify(target='churn')),
                ('fix_perfect', Remove_100(target='churn')),
                ('clean_names', Clean_Colum_Names()),
                ('feature_select', 'passthrough'), ('fix_multi', 'passthrough'),
                ('dfs', 'passthrough'), ('pca', 'passthrough')],
         verbose=False)
2023-07-15 15:40:01,051:INFO:setup() succesfully completed......................................
2023-07-15 15:40:08,867:INFO:Initializing compare_models()
2023-07-15 15:40:08,868:INFO:compare_models(include=None, fold=None, round=4, cross_validation=True, sort=AUC, n_select=1, budget_time=None, turbo=True, errors=ignore, fit_kwargs=None, groups=None, experiment_custom_tags=None, probability_threshold=None, verbose=True, display=None, exclude=None)
2023-07-15 15:40:08,868:INFO:Checking exceptions
2023-07-15 15:40:08,870:INFO:Preparing display monitor
2023-07-15 15:40:08,870:INFO:Preparing display monitor
2023-07-15 15:40:08,933:INFO:Initializing Logistic Regression
2023-07-15 15:40:08,934:INFO:Total runtime is 1.3283888498942058e-05 minutes
2023-07-15 15:40:08,948:INFO:SubProcess create_model() called ==================================
2023-07-15 15:40:08,951:INFO:Initializing create_model()
2023-07-15 15:40:08,951:INFO:create_model(estimator=lr, fold=StratifiedKFold(n_splits=10, random_state=None, shuffle=False), round=4, cross_validation=True, predict=True, fit_kwargs={}, groups=None, refit=False, verbose=False, system=False, metrics=None, experiment_custom_tags=None, add_to_model_list=True, probability_threshold=None, display=<pycaret.internal.Display.Display object at 0x152f42c70>, return_train_score=False, kwargs={})
2023-07-15 15:40:08,951:INFO:Checking exceptions
2023-07-15 15:40:08,951:INFO:Importing libraries
2023-07-15 15:40:08,951:INFO:Copying training dataset
2023-07-15 15:40:09,065:INFO:Defining folds
2023-07-15 15:40:09,066:INFO:Declaring metric variables
2023-07-15 15:40:09,097:INFO:Importing untrained model
2023-07-15 15:40:09,120:INFO:Logistic Regression Imported succesfully
2023-07-15 15:40:09,160:INFO:Starting cross validation
2023-07-15 15:40:09,161:INFO:Cross validating with StratifiedKFold(n_splits=10, random_state=None, shuffle=False), n_jobs=-1
2023-07-15 15:41:21,323:INFO:Calculating mean and std
2023-07-15 15:41:21,365:INFO:Creating metrics dataframe
2023-07-15 15:41:21,446:INFO:Uploading results into container
2023-07-15 15:41:21,446:INFO:Uploading model into container now
2023-07-15 15:41:21,447:INFO:create_model_container: 1
2023-07-15 15:41:21,447:INFO:master_model_container: 1
2023-07-15 15:41:21,447:INFO:display_container: 2
2023-07-15 15:41:21,450:INFO:LogisticRegression(C=1.0, class_weight=None, dual=False, fit_intercept=True,
                   intercept_scaling=1, l1_ratio=None, max_iter=1000,
                   multi_class='auto', n_jobs=None, penalty='l2',
                   random_state=100, solver='lbfgs', tol=0.0001, verbose=0,
                   warm_start=False)
2023-07-15 15:41:21,450:INFO:create_model() succesfully completed......................................
2023-07-15 15:41:22,071:INFO:SubProcess create_model() end ==================================
2023-07-15 15:41:22,071:INFO:Creating metrics dataframe
2023-07-15 15:41:22,091:INFO:Initializing K Neighbors Classifier
2023-07-15 15:41:22,091:INFO:Total runtime is 1.2193178335825603 minutes
2023-07-15 15:41:22,101:INFO:SubProcess create_model() called ==================================
2023-07-15 15:41:22,102:INFO:Initializing create_model()
2023-07-15 15:41:22,102:INFO:create_model(estimator=knn, fold=StratifiedKFold(n_splits=10, random_state=None, shuffle=False), round=4, cross_validation=True, predict=True, fit_kwargs={}, groups=None, refit=False, verbose=False, system=False, metrics=None, experiment_custom_tags=None, add_to_model_list=True, probability_threshold=None, display=<pycaret.internal.Display.Display object at 0x152f42c70>, return_train_score=False, kwargs={})
2023-07-15 15:41:22,102:INFO:Checking exceptions
2023-07-15 15:41:22,102:INFO:Importing libraries
2023-07-15 15:41:22,103:INFO:Copying training dataset
2023-07-15 15:41:22,211:INFO:Defining folds
2023-07-15 15:41:22,213:INFO:Declaring metric variables
2023-07-15 15:41:22,222:INFO:Importing untrained model
2023-07-15 15:41:22,231:INFO:K Neighbors Classifier Imported succesfully
2023-07-15 15:41:22,249:INFO:Starting cross validation
2023-07-15 15:41:22,249:INFO:Cross validating with StratifiedKFold(n_splits=10, random_state=None, shuffle=False), n_jobs=-1
2023-07-15 15:41:26,093:INFO:Calculating mean and std
2023-07-15 15:41:26,096:INFO:Creating metrics dataframe
2023-07-15 15:41:26,107:INFO:Uploading results into container
2023-07-15 15:41:26,107:INFO:Uploading model into container now
2023-07-15 15:41:26,107:INFO:create_model_container: 2
2023-07-15 15:41:26,108:INFO:master_model_container: 2
2023-07-15 15:41:26,108:INFO:display_container: 2
2023-07-15 15:41:26,108:INFO:KNeighborsClassifier(algorithm='auto', leaf_size=30, metric='minkowski',
                     metric_params=None, n_jobs=-1, n_neighbors=5, p=2,
                     weights='uniform')
2023-07-15 15:41:26,108:INFO:create_model() succesfully completed......................................
2023-07-15 15:41:26,217:INFO:SubProcess create_model() end ==================================
2023-07-15 15:41:26,217:INFO:Creating metrics dataframe
2023-07-15 15:41:26,231:INFO:Initializing Naive Bayes
2023-07-15 15:41:26,231:INFO:Total runtime is 1.2883060018221537 minutes
2023-07-15 15:41:26,238:INFO:SubProcess create_model() called ==================================
2023-07-15 15:41:26,239:INFO:Initializing create_model()
2023-07-15 15:41:26,239:INFO:create_model(estimator=nb, fold=StratifiedKFold(n_splits=10, random_state=None, shuffle=False), round=4, cross_validation=True, predict=True, fit_kwargs={}, groups=None, refit=False, verbose=False, system=False, metrics=None, experiment_custom_tags=None, add_to_model_list=True, probability_threshold=None, display=<pycaret.internal.Display.Display object at 0x152f42c70>, return_train_score=False, kwargs={})
2023-07-15 15:41:26,239:INFO:Checking exceptions
2023-07-15 15:41:26,239:INFO:Importing libraries
2023-07-15 15:41:26,239:INFO:Copying training dataset
2023-07-15 15:41:26,256:INFO:Defining folds
2023-07-15 15:41:26,258:INFO:Declaring metric variables
2023-07-15 15:41:26,267:INFO:Importing untrained model
2023-07-15 15:41:26,274:INFO:Naive Bayes Imported succesfully
2023-07-15 15:41:26,292:INFO:Starting cross validation
2023-07-15 15:41:26,292:INFO:Cross validating with StratifiedKFold(n_splits=10, random_state=None, shuffle=False), n_jobs=-1
2023-07-15 15:41:27,659:INFO:Calculating mean and std
2023-07-15 15:41:27,660:INFO:Creating metrics dataframe
2023-07-15 15:41:27,666:INFO:Uploading results into container
2023-07-15 15:41:27,666:INFO:Uploading model into container now
2023-07-15 15:41:27,666:INFO:create_model_container: 3
2023-07-15 15:41:27,666:INFO:master_model_container: 3
2023-07-15 15:41:27,666:INFO:display_container: 2
2023-07-15 15:41:27,666:INFO:GaussianNB(priors=None, var_smoothing=1e-09)
2023-07-15 15:41:27,666:INFO:create_model() succesfully completed......................................
2023-07-15 15:41:27,773:INFO:SubProcess create_model() end ==================================
2023-07-15 15:41:27,773:INFO:Creating metrics dataframe
2023-07-15 15:41:27,806:INFO:Initializing Decision Tree Classifier
2023-07-15 15:41:27,806:INFO:Total runtime is 1.3145622650782267 minutes
2023-07-15 15:41:27,893:INFO:SubProcess create_model() called ==================================
2023-07-15 15:41:27,893:INFO:Initializing create_model()
2023-07-15 15:41:27,894:INFO:create_model(estimator=dt, fold=StratifiedKFold(n_splits=10, random_state=None, shuffle=False), round=4, cross_validation=True, predict=True, fit_kwargs={}, groups=None, refit=False, verbose=False, system=False, metrics=None, experiment_custom_tags=None, add_to_model_list=True, probability_threshold=None, display=<pycaret.internal.Display.Display object at 0x152f42c70>, return_train_score=False, kwargs={})
2023-07-15 15:41:27,894:INFO:Checking exceptions
2023-07-15 15:41:27,894:INFO:Importing libraries
2023-07-15 15:41:27,894:INFO:Copying training dataset
2023-07-15 15:41:27,963:INFO:Defining folds
2023-07-15 15:41:27,963:INFO:Declaring metric variables
2023-07-15 15:41:27,984:INFO:Importing untrained model
2023-07-15 15:41:28,022:INFO:Decision Tree Classifier Imported succesfully
2023-07-15 15:41:28,056:INFO:Starting cross validation
2023-07-15 15:41:28,059:INFO:Cross validating with StratifiedKFold(n_splits=10, random_state=None, shuffle=False), n_jobs=-1
2023-07-15 15:41:29,947:INFO:Calculating mean and std
2023-07-15 15:41:29,948:INFO:Creating metrics dataframe
2023-07-15 15:41:29,956:INFO:Uploading results into container
2023-07-15 15:41:29,956:INFO:Uploading model into container now
2023-07-15 15:41:29,956:INFO:create_model_container: 4
2023-07-15 15:41:29,956:INFO:master_model_container: 4
2023-07-15 15:41:29,957:INFO:display_container: 2
2023-07-15 15:41:29,957:INFO:DecisionTreeClassifier(ccp_alpha=0.0, class_weight=None, criterion='gini',
                       max_depth=None, max_features=None, max_leaf_nodes=None,
                       min_impurity_decrease=0.0, min_impurity_split=None,
                       min_samples_leaf=1, min_samples_split=2,
                       min_weight_fraction_leaf=0.0, presort='deprecated',
                       random_state=100, splitter='best')
2023-07-15 15:41:29,958:INFO:create_model() succesfully completed......................................
2023-07-15 15:41:30,057:INFO:SubProcess create_model() end ==================================
2023-07-15 15:41:30,057:INFO:Creating metrics dataframe
2023-07-15 15:41:30,069:INFO:Initializing SVM - Linear Kernel
2023-07-15 15:41:30,069:INFO:Total runtime is 1.3522822300593058 minutes
2023-07-15 15:41:30,077:INFO:SubProcess create_model() called ==================================
2023-07-15 15:41:30,078:INFO:Initializing create_model()
2023-07-15 15:41:30,078:INFO:create_model(estimator=svm, fold=StratifiedKFold(n_splits=10, random_state=None, shuffle=False), round=4, cross_validation=True, predict=True, fit_kwargs={}, groups=None, refit=False, verbose=False, system=False, metrics=None, experiment_custom_tags=None, add_to_model_list=True, probability_threshold=None, display=<pycaret.internal.Display.Display object at 0x152f42c70>, return_train_score=False, kwargs={})
2023-07-15 15:41:30,078:INFO:Checking exceptions
2023-07-15 15:41:30,078:INFO:Importing libraries
2023-07-15 15:41:30,078:INFO:Copying training dataset
2023-07-15 15:41:30,095:INFO:Defining folds
2023-07-15 15:41:30,096:INFO:Declaring metric variables
2023-07-15 15:41:30,105:INFO:Importing untrained model
2023-07-15 15:41:30,114:INFO:SVM - Linear Kernel Imported succesfully
2023-07-15 15:41:30,139:INFO:Starting cross validation
2023-07-15 15:41:30,141:INFO:Cross validating with StratifiedKFold(n_splits=10, random_state=None, shuffle=False), n_jobs=-1
2023-07-15 15:41:33,948:INFO:Calculating mean and std
2023-07-15 15:41:33,950:INFO:Creating metrics dataframe
2023-07-15 15:41:33,956:INFO:Uploading results into container
2023-07-15 15:41:33,956:INFO:Uploading model into container now
2023-07-15 15:41:33,957:INFO:create_model_container: 5
2023-07-15 15:41:33,957:INFO:master_model_container: 5
2023-07-15 15:41:33,957:INFO:display_container: 2
2023-07-15 15:41:33,958:INFO:SGDClassifier(alpha=0.0001, average=False, class_weight=None,
              early_stopping=False, epsilon=0.1, eta0=0.001, fit_intercept=True,
              l1_ratio=0.15, learning_rate='optimal', loss='hinge',
              max_iter=1000, n_iter_no_change=5, n_jobs=-1, penalty='l2',
              power_t=0.5, random_state=100, shuffle=True, tol=0.001,
              validation_fraction=0.1, verbose=0, warm_start=False)
2023-07-15 15:41:33,958:INFO:create_model() succesfully completed......................................
2023-07-15 15:41:34,072:INFO:SubProcess create_model() end ==================================
2023-07-15 15:41:34,072:INFO:Creating metrics dataframe
2023-07-15 15:41:34,092:INFO:Initializing Ridge Classifier
2023-07-15 15:41:34,092:INFO:Total runtime is 1.4193285663922628 minutes
2023-07-15 15:41:34,108:INFO:SubProcess create_model() called ==================================
2023-07-15 15:41:34,109:INFO:Initializing create_model()
2023-07-15 15:41:34,109:INFO:create_model(estimator=ridge, fold=StratifiedKFold(n_splits=10, random_state=None, shuffle=False), round=4, cross_validation=True, predict=True, fit_kwargs={}, groups=None, refit=False, verbose=False, system=False, metrics=None, experiment_custom_tags=None, add_to_model_list=True, probability_threshold=None, display=<pycaret.internal.Display.Display object at 0x152f42c70>, return_train_score=False, kwargs={})
2023-07-15 15:41:34,109:INFO:Checking exceptions
2023-07-15 15:41:34,109:INFO:Importing libraries
2023-07-15 15:41:34,109:INFO:Copying training dataset
2023-07-15 15:41:34,131:INFO:Defining folds
2023-07-15 15:41:34,132:INFO:Declaring metric variables
2023-07-15 15:41:34,149:INFO:Importing untrained model
2023-07-15 15:41:34,168:INFO:Ridge Classifier Imported succesfully
2023-07-15 15:41:34,189:INFO:Starting cross validation
2023-07-15 15:41:34,190:INFO:Cross validating with StratifiedKFold(n_splits=10, random_state=None, shuffle=False), n_jobs=-1
2023-07-15 15:41:38,607:INFO:Calculating mean and std
2023-07-15 15:41:38,621:INFO:Creating metrics dataframe
2023-07-15 15:41:38,654:INFO:Uploading results into container
2023-07-15 15:41:38,655:INFO:Uploading model into container now
2023-07-15 15:41:38,655:INFO:create_model_container: 6
2023-07-15 15:41:38,655:INFO:master_model_container: 6
2023-07-15 15:41:38,655:INFO:display_container: 2
2023-07-15 15:41:38,660:INFO:RidgeClassifier(alpha=1.0, class_weight=None, copy_X=True, fit_intercept=True,
                max_iter=None, normalize=False, random_state=100, solver='auto',
                tol=0.001)
2023-07-15 15:41:38,660:INFO:create_model() succesfully completed......................................
2023-07-15 15:41:39,056:INFO:SubProcess create_model() end ==================================
2023-07-15 15:41:39,056:INFO:Creating metrics dataframe
2023-07-15 15:41:39,081:INFO:Initializing Random Forest Classifier
2023-07-15 15:41:39,081:INFO:Total runtime is 1.5024811347325644 minutes
2023-07-15 15:41:39,092:INFO:SubProcess create_model() called ==================================
2023-07-15 15:41:39,092:INFO:Initializing create_model()
2023-07-15 15:41:39,092:INFO:create_model(estimator=rf, fold=StratifiedKFold(n_splits=10, random_state=None, shuffle=False), round=4, cross_validation=True, predict=True, fit_kwargs={}, groups=None, refit=False, verbose=False, system=False, metrics=None, experiment_custom_tags=None, add_to_model_list=True, probability_threshold=None, display=<pycaret.internal.Display.Display object at 0x152f42c70>, return_train_score=False, kwargs={})
2023-07-15 15:41:39,092:INFO:Checking exceptions
2023-07-15 15:41:39,092:INFO:Importing libraries
2023-07-15 15:41:39,093:INFO:Copying training dataset
2023-07-15 15:41:39,155:INFO:Defining folds
2023-07-15 15:41:39,156:INFO:Declaring metric variables
2023-07-15 15:41:39,167:INFO:Importing untrained model
2023-07-15 15:41:39,177:INFO:Random Forest Classifier Imported succesfully
2023-07-15 15:41:39,211:INFO:Starting cross validation
2023-07-15 15:41:39,212:INFO:Cross validating with StratifiedKFold(n_splits=10, random_state=None, shuffle=False), n_jobs=-1
2023-07-15 15:41:43,903:INFO:Calculating mean and std
2023-07-15 15:41:43,909:INFO:Creating metrics dataframe
2023-07-15 15:41:43,918:INFO:Uploading results into container
2023-07-15 15:41:43,918:INFO:Uploading model into container now
2023-07-15 15:41:43,947:INFO:create_model_container: 7
2023-07-15 15:41:43,947:INFO:master_model_container: 7
2023-07-15 15:41:43,947:INFO:display_container: 2
2023-07-15 15:41:43,948:INFO:RandomForestClassifier(bootstrap=True, ccp_alpha=0.0, class_weight=None,
                       criterion='gini', max_depth=None, max_features='auto',
                       max_leaf_nodes=None, max_samples=None,
                       min_impurity_decrease=0.0, min_impurity_split=None,
                       min_samples_leaf=1, min_samples_split=2,
                       min_weight_fraction_leaf=0.0, n_estimators=100,
                       n_jobs=-1, oob_score=False, random_state=100, verbose=0,
                       warm_start=False)
2023-07-15 15:41:43,949:INFO:create_model() succesfully completed......................................
2023-07-15 15:41:44,061:INFO:SubProcess create_model() end ==================================
2023-07-15 15:41:44,061:INFO:Creating metrics dataframe
2023-07-15 15:41:44,077:INFO:Initializing Quadratic Discriminant Analysis
2023-07-15 15:41:44,077:INFO:Total runtime is 1.5857410351435344 minutes
2023-07-15 15:41:44,086:INFO:SubProcess create_model() called ==================================
2023-07-15 15:41:44,086:INFO:Initializing create_model()
2023-07-15 15:41:44,087:INFO:create_model(estimator=qda, fold=StratifiedKFold(n_splits=10, random_state=None, shuffle=False), round=4, cross_validation=True, predict=True, fit_kwargs={}, groups=None, refit=False, verbose=False, system=False, metrics=None, experiment_custom_tags=None, add_to_model_list=True, probability_threshold=None, display=<pycaret.internal.Display.Display object at 0x152f42c70>, return_train_score=False, kwargs={})
2023-07-15 15:41:44,087:INFO:Checking exceptions
2023-07-15 15:41:44,087:INFO:Importing libraries
2023-07-15 15:41:44,087:INFO:Copying training dataset
2023-07-15 15:41:44,105:INFO:Defining folds
2023-07-15 15:41:44,105:INFO:Declaring metric variables
2023-07-15 15:41:44,114:INFO:Importing untrained model
2023-07-15 15:41:44,123:INFO:Quadratic Discriminant Analysis Imported succesfully
2023-07-15 15:41:44,143:INFO:Starting cross validation
2023-07-15 15:41:44,144:INFO:Cross validating with StratifiedKFold(n_splits=10, random_state=None, shuffle=False), n_jobs=-1
2023-07-15 15:42:21,490:INFO:Calculating mean and std
2023-07-15 15:42:21,509:INFO:Creating metrics dataframe
2023-07-15 15:42:21,560:INFO:Uploading results into container
2023-07-15 15:42:21,560:INFO:Uploading model into container now
2023-07-15 15:42:21,561:INFO:create_model_container: 8
2023-07-15 15:42:21,562:INFO:master_model_container: 8
2023-07-15 15:42:21,563:INFO:display_container: 2
2023-07-15 15:42:21,566:INFO:QuadraticDiscriminantAnalysis(priors=None, reg_param=0.0,
                              store_covariance=False, tol=0.0001)
2023-07-15 15:42:21,567:INFO:create_model() succesfully completed......................................
2023-07-15 15:42:22,350:INFO:SubProcess create_model() end ==================================
2023-07-15 15:42:22,350:INFO:Creating metrics dataframe
2023-07-15 15:42:22,374:INFO:Initializing Ada Boost Classifier
2023-07-15 15:42:22,374:INFO:Total runtime is 2.2240350166956584 minutes
2023-07-15 15:42:22,386:INFO:SubProcess create_model() called ==================================
2023-07-15 15:42:22,387:INFO:Initializing create_model()
2023-07-15 15:42:22,387:INFO:create_model(estimator=ada, fold=StratifiedKFold(n_splits=10, random_state=None, shuffle=False), round=4, cross_validation=True, predict=True, fit_kwargs={}, groups=None, refit=False, verbose=False, system=False, metrics=None, experiment_custom_tags=None, add_to_model_list=True, probability_threshold=None, display=<pycaret.internal.Display.Display object at 0x152f42c70>, return_train_score=False, kwargs={})
2023-07-15 15:42:22,387:INFO:Checking exceptions
2023-07-15 15:42:22,388:INFO:Importing libraries
2023-07-15 15:42:22,389:INFO:Copying training dataset
2023-07-15 15:42:22,558:INFO:Defining folds
2023-07-15 15:42:22,559:INFO:Declaring metric variables
2023-07-15 15:42:22,580:INFO:Importing untrained model
2023-07-15 15:42:22,591:INFO:Ada Boost Classifier Imported succesfully
2023-07-15 15:42:22,632:INFO:Starting cross validation
2023-07-15 15:42:22,633:INFO:Cross validating with StratifiedKFold(n_splits=10, random_state=None, shuffle=False), n_jobs=-1
2023-07-15 15:42:29,464:INFO:Calculating mean and std
2023-07-15 15:42:29,466:INFO:Creating metrics dataframe
2023-07-15 15:42:29,474:INFO:Uploading results into container
2023-07-15 15:42:29,474:INFO:Uploading model into container now
2023-07-15 15:42:29,475:INFO:create_model_container: 9
2023-07-15 15:42:29,475:INFO:master_model_container: 9
2023-07-15 15:42:29,475:INFO:display_container: 2
2023-07-15 15:42:29,476:INFO:AdaBoostClassifier(algorithm='SAMME.R', base_estimator=None, learning_rate=1.0,
                   n_estimators=50, random_state=100)
2023-07-15 15:42:29,476:INFO:create_model() succesfully completed......................................
2023-07-15 15:42:29,619:INFO:SubProcess create_model() end ==================================
2023-07-15 15:42:29,619:INFO:Creating metrics dataframe
2023-07-15 15:42:29,644:INFO:Initializing Gradient Boosting Classifier
2023-07-15 15:42:29,644:INFO:Total runtime is 2.3451961159706114 minutes
2023-07-15 15:42:29,699:INFO:SubProcess create_model() called ==================================
2023-07-15 15:42:29,700:INFO:Initializing create_model()
2023-07-15 15:42:29,700:INFO:create_model(estimator=gbc, fold=StratifiedKFold(n_splits=10, random_state=None, shuffle=False), round=4, cross_validation=True, predict=True, fit_kwargs={}, groups=None, refit=False, verbose=False, system=False, metrics=None, experiment_custom_tags=None, add_to_model_list=True, probability_threshold=None, display=<pycaret.internal.Display.Display object at 0x152f42c70>, return_train_score=False, kwargs={})
2023-07-15 15:42:29,700:INFO:Checking exceptions
2023-07-15 15:42:29,700:INFO:Importing libraries
2023-07-15 15:42:29,700:INFO:Copying training dataset
2023-07-15 15:42:29,762:INFO:Defining folds
2023-07-15 15:42:29,763:INFO:Declaring metric variables
2023-07-15 15:42:29,823:INFO:Importing untrained model
2023-07-15 15:42:29,848:INFO:Gradient Boosting Classifier Imported succesfully
2023-07-15 15:42:30,082:INFO:Starting cross validation
2023-07-15 15:42:30,086:INFO:Cross validating with StratifiedKFold(n_splits=10, random_state=None, shuffle=False), n_jobs=-1
2023-07-15 15:42:57,616:INFO:Calculating mean and std
2023-07-15 15:42:57,619:INFO:Creating metrics dataframe
2023-07-15 15:42:57,627:INFO:Uploading results into container
2023-07-15 15:42:57,627:INFO:Uploading model into container now
2023-07-15 15:42:57,627:INFO:create_model_container: 10
2023-07-15 15:42:57,627:INFO:master_model_container: 10
2023-07-15 15:42:57,627:INFO:display_container: 2
2023-07-15 15:42:57,628:INFO:GradientBoostingClassifier(ccp_alpha=0.0, criterion='friedman_mse', init=None,
                           learning_rate=0.1, loss='deviance', max_depth=3,
                           max_features=None, max_leaf_nodes=None,
                           min_impurity_decrease=0.0, min_impurity_split=None,
                           min_samples_leaf=1, min_samples_split=2,
                           min_weight_fraction_leaf=0.0, n_estimators=100,
                           n_iter_no_change=None, presort='deprecated',
                           random_state=100, subsample=1.0, tol=0.0001,
                           validation_fraction=0.1, verbose=0,
                           warm_start=False)
2023-07-15 15:42:57,629:INFO:create_model() succesfully completed......................................
2023-07-15 15:42:57,758:INFO:SubProcess create_model() end ==================================
2023-07-15 15:42:57,758:INFO:Creating metrics dataframe
2023-07-15 15:42:57,781:INFO:Initializing Linear Discriminant Analysis
2023-07-15 15:42:57,782:INFO:Total runtime is 2.8141549348831174 minutes
2023-07-15 15:42:57,795:INFO:SubProcess create_model() called ==================================
2023-07-15 15:42:57,795:INFO:Initializing create_model()
2023-07-15 15:42:57,795:INFO:create_model(estimator=lda, fold=StratifiedKFold(n_splits=10, random_state=None, shuffle=False), round=4, cross_validation=True, predict=True, fit_kwargs={}, groups=None, refit=False, verbose=False, system=False, metrics=None, experiment_custom_tags=None, add_to_model_list=True, probability_threshold=None, display=<pycaret.internal.Display.Display object at 0x152f42c70>, return_train_score=False, kwargs={})
2023-07-15 15:42:57,796:INFO:Checking exceptions
2023-07-15 15:42:57,796:INFO:Importing libraries
2023-07-15 15:42:57,796:INFO:Copying training dataset
2023-07-15 15:42:57,851:INFO:Defining folds
2023-07-15 15:42:57,852:INFO:Declaring metric variables
2023-07-15 15:42:57,862:INFO:Importing untrained model
2023-07-15 15:42:57,892:INFO:Linear Discriminant Analysis Imported succesfully
2023-07-15 15:42:57,920:INFO:Starting cross validation
2023-07-15 15:42:57,921:INFO:Cross validating with StratifiedKFold(n_splits=10, random_state=None, shuffle=False), n_jobs=-1
2023-07-15 15:43:43,178:INFO:Calculating mean and std
2023-07-15 15:43:43,197:INFO:Creating metrics dataframe
2023-07-15 15:43:43,235:INFO:Uploading results into container
2023-07-15 15:43:43,236:INFO:Uploading model into container now
2023-07-15 15:43:43,236:INFO:create_model_container: 11
2023-07-15 15:43:43,236:INFO:master_model_container: 11
2023-07-15 15:43:43,236:INFO:display_container: 2
2023-07-15 15:43:43,241:INFO:LinearDiscriminantAnalysis(n_components=None, priors=None, shrinkage=None,
                           solver='svd', store_covariance=False, tol=0.0001)
2023-07-15 15:43:43,242:INFO:create_model() succesfully completed......................................
2023-07-15 15:43:43,872:INFO:SubProcess create_model() end ==================================
2023-07-15 15:43:43,873:INFO:Creating metrics dataframe
2023-07-15 15:43:43,905:INFO:Initializing Extra Trees Classifier
2023-07-15 15:43:43,905:INFO:Total runtime is 3.582876431941986 minutes
2023-07-15 15:43:43,917:INFO:SubProcess create_model() called ==================================
2023-07-15 15:43:43,919:INFO:Initializing create_model()
2023-07-15 15:43:43,919:INFO:create_model(estimator=et, fold=StratifiedKFold(n_splits=10, random_state=None, shuffle=False), round=4, cross_validation=True, predict=True, fit_kwargs={}, groups=None, refit=False, verbose=False, system=False, metrics=None, experiment_custom_tags=None, add_to_model_list=True, probability_threshold=None, display=<pycaret.internal.Display.Display object at 0x152f42c70>, return_train_score=False, kwargs={})
2023-07-15 15:43:43,920:INFO:Checking exceptions
2023-07-15 15:43:43,920:INFO:Importing libraries
2023-07-15 15:43:43,920:INFO:Copying training dataset
2023-07-15 15:43:43,999:INFO:Defining folds
2023-07-15 15:43:44,000:INFO:Declaring metric variables
2023-07-15 15:43:44,016:INFO:Importing untrained model
2023-07-15 15:43:44,032:INFO:Extra Trees Classifier Imported succesfully
2023-07-15 15:43:44,060:INFO:Starting cross validation
2023-07-15 15:43:44,062:INFO:Cross validating with StratifiedKFold(n_splits=10, random_state=None, shuffle=False), n_jobs=-1
2023-07-15 15:43:50,131:INFO:Calculating mean and std
2023-07-15 15:43:50,133:INFO:Creating metrics dataframe
2023-07-15 15:43:50,143:INFO:Uploading results into container
2023-07-15 15:43:50,143:INFO:Uploading model into container now
2023-07-15 15:43:50,143:INFO:create_model_container: 12
2023-07-15 15:43:50,143:INFO:master_model_container: 12
2023-07-15 15:43:50,144:INFO:display_container: 2
2023-07-15 15:43:50,145:INFO:ExtraTreesClassifier(bootstrap=False, ccp_alpha=0.0, class_weight=None,
                     criterion='gini', max_depth=None, max_features='auto',
                     max_leaf_nodes=None, max_samples=None,
                     min_impurity_decrease=0.0, min_impurity_split=None,
                     min_samples_leaf=1, min_samples_split=2,
                     min_weight_fraction_leaf=0.0, n_estimators=100, n_jobs=-1,
                     oob_score=False, random_state=100, verbose=0,
                     warm_start=False)
2023-07-15 15:43:50,145:INFO:create_model() succesfully completed......................................
2023-07-15 15:43:50,238:INFO:SubProcess create_model() end ==================================
2023-07-15 15:43:50,238:INFO:Creating metrics dataframe
2023-07-15 15:43:50,256:INFO:Initializing Extreme Gradient Boosting
2023-07-15 15:43:50,256:INFO:Total runtime is 3.688730502128601 minutes
2023-07-15 15:43:50,265:INFO:SubProcess create_model() called ==================================
2023-07-15 15:43:50,265:INFO:Initializing create_model()
2023-07-15 15:43:50,265:INFO:create_model(estimator=xgboost, fold=StratifiedKFold(n_splits=10, random_state=None, shuffle=False), round=4, cross_validation=True, predict=True, fit_kwargs={}, groups=None, refit=False, verbose=False, system=False, metrics=None, experiment_custom_tags=None, add_to_model_list=True, probability_threshold=None, display=<pycaret.internal.Display.Display object at 0x152f42c70>, return_train_score=False, kwargs={})
2023-07-15 15:43:50,265:INFO:Checking exceptions
2023-07-15 15:43:50,265:INFO:Importing libraries
2023-07-15 15:43:50,265:INFO:Copying training dataset
2023-07-15 15:43:50,283:INFO:Defining folds
2023-07-15 15:43:50,283:INFO:Declaring metric variables
2023-07-15 15:43:50,291:INFO:Importing untrained model
2023-07-15 15:43:50,302:INFO:Extreme Gradient Boosting Imported succesfully
2023-07-15 15:43:50,319:INFO:Starting cross validation
2023-07-15 15:43:50,321:INFO:Cross validating with StratifiedKFold(n_splits=10, random_state=None, shuffle=False), n_jobs=-1
2023-07-15 15:45:35,048:INFO:Calculating mean and std
2023-07-15 15:45:35,076:INFO:Creating metrics dataframe
2023-07-15 15:45:35,111:INFO:Uploading results into container
2023-07-15 15:45:35,111:INFO:Uploading model into container now
2023-07-15 15:45:35,111:INFO:create_model_container: 13
2023-07-15 15:45:35,111:INFO:master_model_container: 13
2023-07-15 15:45:35,111:INFO:display_container: 2
2023-07-15 15:45:35,140:INFO:XGBClassifier(base_score=None, booster='gbtree', callbacks=None,
              colsample_bylevel=None, colsample_bynode=None,
              colsample_bytree=None, early_stopping_rounds=None,
              enable_categorical=False, eval_metric=None, feature_types=None,
              gamma=None, gpu_id=None, grow_policy=None, importance_type=None,
              interaction_constraints=None, learning_rate=None, max_bin=None,
              max_cat_threshold=None, max_cat_to_onehot=None,
              max_delta_step=None, max_depth=None, max_leaves=None,
              min_child_weight=None, missing=nan, monotone_constraints=None,
              n_estimators=100, n_jobs=-1, num_parallel_tree=None,
              objective='binary:logistic', predictor=None, ...)
2023-07-15 15:45:35,142:INFO:create_model() succesfully completed......................................
2023-07-15 15:45:35,748:INFO:SubProcess create_model() end ==================================
2023-07-15 15:45:35,748:INFO:Creating metrics dataframe
2023-07-15 15:45:35,778:INFO:Initializing Light Gradient Boosting Machine
2023-07-15 15:45:35,778:INFO:Total runtime is 5.447434866428376 minutes
2023-07-15 15:45:35,790:INFO:SubProcess create_model() called ==================================
2023-07-15 15:45:35,791:INFO:Initializing create_model()
2023-07-15 15:45:35,791:INFO:create_model(estimator=lightgbm, fold=StratifiedKFold(n_splits=10, random_state=None, shuffle=False), round=4, cross_validation=True, predict=True, fit_kwargs={}, groups=None, refit=False, verbose=False, system=False, metrics=None, experiment_custom_tags=None, add_to_model_list=True, probability_threshold=None, display=<pycaret.internal.Display.Display object at 0x152f42c70>, return_train_score=False, kwargs={})
2023-07-15 15:45:35,791:INFO:Checking exceptions
2023-07-15 15:45:35,791:INFO:Importing libraries
2023-07-15 15:45:35,791:INFO:Copying training dataset
2023-07-15 15:45:35,889:INFO:Defining folds
2023-07-15 15:45:35,889:INFO:Declaring metric variables
2023-07-15 15:45:35,899:INFO:Importing untrained model
2023-07-15 15:45:35,908:INFO:Light Gradient Boosting Machine Imported succesfully
2023-07-15 15:45:35,926:INFO:Starting cross validation
2023-07-15 15:45:35,927:INFO:Cross validating with StratifiedKFold(n_splits=10, random_state=None, shuffle=False), n_jobs=-1
2023-07-15 15:45:37,489:INFO:Calculating mean and std
2023-07-15 15:45:37,490:INFO:Creating metrics dataframe
2023-07-15 15:45:37,495:INFO:Uploading results into container
2023-07-15 15:45:37,495:INFO:Uploading model into container now
2023-07-15 15:45:37,495:INFO:create_model_container: 14
2023-07-15 15:45:37,496:INFO:master_model_container: 14
2023-07-15 15:45:37,496:INFO:display_container: 2
2023-07-15 15:45:37,496:INFO:LGBMClassifier(boosting_type='gbdt', class_weight=None, colsample_bytree=1.0,
               importance_type='split', learning_rate=0.1, max_depth=-1,
               min_child_samples=20, min_child_weight=0.001, min_split_gain=0.0,
               n_estimators=100, n_jobs=-1, num_leaves=31, objective=None,
               random_state=100, reg_alpha=0.0, reg_lambda=0.0, silent='warn',
               subsample=1.0, subsample_for_bin=200000, subsample_freq=0)
2023-07-15 15:45:37,496:INFO:create_model() succesfully completed......................................
2023-07-15 15:45:37,614:INFO:SubProcess create_model() end ==================================
2023-07-15 15:45:37,614:INFO:Creating metrics dataframe
2023-07-15 15:45:37,643:INFO:Initializing Dummy Classifier
2023-07-15 15:45:37,643:INFO:Total runtime is 5.478507069746653 minutes
2023-07-15 15:45:37,652:INFO:SubProcess create_model() called ==================================
2023-07-15 15:45:37,652:INFO:Initializing create_model()
2023-07-15 15:45:37,652:INFO:create_model(estimator=dummy, fold=StratifiedKFold(n_splits=10, random_state=None, shuffle=False), round=4, cross_validation=True, predict=True, fit_kwargs={}, groups=None, refit=False, verbose=False, system=False, metrics=None, experiment_custom_tags=None, add_to_model_list=True, probability_threshold=None, display=<pycaret.internal.Display.Display object at 0x152f42c70>, return_train_score=False, kwargs={})
2023-07-15 15:45:37,653:INFO:Checking exceptions
2023-07-15 15:45:37,653:INFO:Importing libraries
2023-07-15 15:45:37,653:INFO:Copying training dataset
2023-07-15 15:45:37,672:INFO:Defining folds
2023-07-15 15:45:37,672:INFO:Declaring metric variables
2023-07-15 15:45:37,690:INFO:Importing untrained model
2023-07-15 15:45:37,702:INFO:Dummy Classifier Imported succesfully
2023-07-15 15:45:37,721:INFO:Starting cross validation
2023-07-15 15:45:37,722:INFO:Cross validating with StratifiedKFold(n_splits=10, random_state=None, shuffle=False), n_jobs=-1
2023-07-15 15:45:38,024:INFO:Calculating mean and std
2023-07-15 15:45:38,025:INFO:Creating metrics dataframe
2023-07-15 15:45:38,032:INFO:Uploading results into container
2023-07-15 15:45:38,032:INFO:Uploading model into container now
2023-07-15 15:45:38,032:INFO:create_model_container: 15
2023-07-15 15:45:38,032:INFO:master_model_container: 15
2023-07-15 15:45:38,032:INFO:display_container: 2
2023-07-15 15:45:38,033:INFO:DummyClassifier(constant=None, random_state=100, strategy='prior')
2023-07-15 15:45:38,033:INFO:create_model() succesfully completed......................................
2023-07-15 15:45:38,154:INFO:SubProcess create_model() end ==================================
2023-07-15 15:45:38,155:INFO:Creating metrics dataframe
2023-07-15 15:45:38,200:INFO:Initializing create_model()
2023-07-15 15:45:38,200:INFO:create_model(estimator=GradientBoostingClassifier(ccp_alpha=0.0, criterion='friedman_mse', init=None,
                           learning_rate=0.1, loss='deviance', max_depth=3,
                           max_features=None, max_leaf_nodes=None,
                           min_impurity_decrease=0.0, min_impurity_split=None,
                           min_samples_leaf=1, min_samples_split=2,
                           min_weight_fraction_leaf=0.0, n_estimators=100,
                           n_iter_no_change=None, presort='deprecated',
                           random_state=100, subsample=1.0, tol=0.0001,
                           validation_fraction=0.1, verbose=0,
                           warm_start=False), fold=StratifiedKFold(n_splits=10, random_state=None, shuffle=False), round=4, cross_validation=False, predict=False, fit_kwargs={}, groups=None, refit=True, verbose=False, system=False, metrics=None, experiment_custom_tags=None, add_to_model_list=True, probability_threshold=None, display=None, return_train_score=False, kwargs={})
2023-07-15 15:45:38,200:INFO:Checking exceptions
2023-07-15 15:45:38,200:INFO:Importing libraries
2023-07-15 15:45:38,200:INFO:Copying training dataset
2023-07-15 15:45:38,218:INFO:Defining folds
2023-07-15 15:45:38,218:INFO:Declaring metric variables
2023-07-15 15:45:38,218:INFO:Importing untrained model
2023-07-15 15:45:38,218:INFO:Declaring custom model
2023-07-15 15:45:38,219:INFO:Gradient Boosting Classifier Imported succesfully
2023-07-15 15:45:38,219:INFO:Cross validation set to False
2023-07-15 15:45:38,220:INFO:Fitting Model
2023-07-15 15:45:43,501:INFO:GradientBoostingClassifier(ccp_alpha=0.0, criterion='friedman_mse', init=None,
                           learning_rate=0.1, loss='deviance', max_depth=3,
                           max_features=None, max_leaf_nodes=None,
                           min_impurity_decrease=0.0, min_impurity_split=None,
                           min_samples_leaf=1, min_samples_split=2,
                           min_weight_fraction_leaf=0.0, n_estimators=100,
                           n_iter_no_change=None, presort='deprecated',
                           random_state=100, subsample=1.0, tol=0.0001,
                           validation_fraction=0.1, verbose=0,
                           warm_start=False)
2023-07-15 15:45:43,501:INFO:create_models() succesfully completed......................................
2023-07-15 15:45:43,655:INFO:create_model_container: 15
2023-07-15 15:45:43,656:INFO:master_model_container: 15
2023-07-15 15:45:43,656:INFO:display_container: 2
2023-07-15 15:45:43,656:INFO:GradientBoostingClassifier(ccp_alpha=0.0, criterion='friedman_mse', init=None,
                           learning_rate=0.1, loss='deviance', max_depth=3,
                           max_features=None, max_leaf_nodes=None,
                           min_impurity_decrease=0.0, min_impurity_split=None,
                           min_samples_leaf=1, min_samples_split=2,
                           min_weight_fraction_leaf=0.0, n_estimators=100,
                           n_iter_no_change=None, presort='deprecated',
                           random_state=100, subsample=1.0, tol=0.0001,
                           validation_fraction=0.1, verbose=0,
                           warm_start=False)
2023-07-15 15:45:43,656:INFO:compare_models() succesfully completed......................................
